[2016-09-05T03:19:49] MESG> Processing: 
[2016-09-05T07:08:02] MESG> Processing: /newdata/lbcr.20160905.070722.fits
[2016-09-05T07:10:14] MESG> Focus Offset = -0.50000000  Filter = r-SLOAN   Rotator = 6.75000
[2016-09-05T07:10:14] MESG> --------------------------------------------------------------------------
[2016-09-05T07:10:14] MESG>           Computed Aberrations (nm)              |   (arcsec)   | channel 
[2016-09-05T07:10:14] MESG>  Defoc   AstX   AstY   ComaY  ComaX   Sph        |  Est.   Est. |         
[2016-09-05T07:10:14] MESG>  (Z4)    (Z5)   (Z6)   (Z7)   (Z8)   (Z11)  (Z22)| seeing  WIQ  |         
[2016-09-05T07:10:14] MESG> --------------------------------------------------------------------------
[2016-09-05T07:10:14] MESG>  -1202    307   2481     38    -16    259      0   0.85   0.89     red
[2016-09-05T07:10:14] MESG> --------------------------------------------------------------------------
[2016-09-05T07:10:19] MESG> Processing: /newdata/lbcb.20160905.070729.fits
[2016-09-05T07:10:22] MESG> Focus Offset = -0.50000000  Filter = V-BESSEL  Rotator = 6.75277
[2016-09-05T07:10:22] MESG> --------------------------------------------------------------------------
[2016-09-05T07:10:22] MESG>           Computed Aberrations (nm)              |   (arcsec)   | channel 
[2016-09-05T07:10:22] MESG>  Defoc   AstX   AstY   ComaY  ComaX   Sph        |  Est.   Est. |         
[2016-09-05T07:10:22] MESG>  (Z4)    (Z5)   (Z6)   (Z7)   (Z8)   (Z11)  (Z22)| seeing  WIQ  |         
[2016-09-05T07:10:22] MESG> --------------------------------------------------------------------------
[2016-09-05T07:10:22] MESG>    324      0      0    466   -763      0      0   0.50   0.43    blue
[2016-09-05T07:10:22] MESG> --------------------------------------------------------------------------
[2016-09-05T07:11:32] MESG> Processing: /newdata/lbcr.20160905.071052.fits
[2016-09-05T07:13:36] MESG> Focus Offset = -0.50000000  Filter = r-SLOAN   Rotator = 7.60693
[2016-09-05T07:13:36] MESG> --------------------------------------------------------------------------
[2016-09-05T07:13:36] MESG>           Computed Aberrations (nm)              |   (arcsec)   | channel 
[2016-09-05T07:13:36] MESG>  Defoc   AstX   AstY   ComaY  ComaX   Sph        |  Est.   Est. |         
[2016-09-05T07:13:36] MESG>  (Z4)    (Z5)   (Z6)   (Z7)   (Z8)   (Z11)  (Z22)| seeing  WIQ  |         
[2016-09-05T07:13:36] MESG> --------------------------------------------------------------------------
[2016-09-05T07:13:36] MESG>  -3493    391    663     42    -22    254      0   0.79   1.41     red
[2016-09-05T07:13:36] MESG> --------------------------------------------------------------------------
[2016-09-05T07:13:46] MESG> Processing: /newdata/lbcb.20160905.071058.fits
[2016-09-05T07:15:39] MESG> Focus Offset = -0.50000000  Filter = V-BESSEL  Rotator = 7.60971
[2016-09-05T07:15:39] MESG> --------------------------------------------------------------------------
[2016-09-05T07:15:39] MESG>           Computed Aberrations (nm)              |   (arcsec)   | channel 
[2016-09-05T07:15:39] MESG>  Defoc   AstX   AstY   ComaY  ComaX   Sph        |  Est.   Est. |         
[2016-09-05T07:15:39] MESG>  (Z4)    (Z5)   (Z6)   (Z7)   (Z8)   (Z11)  (Z22)| seeing  WIQ  |         
[2016-09-05T07:15:39] MESG> --------------------------------------------------------------------------
[2016-09-05T07:15:39] MESG>  -1231  -2267   -243   -142    128    221      0   0.81   0.85    blue
[2016-09-05T07:15:39] MESG> --------------------------------------------------------------------------
[2016-09-05T07:22:59] MESG> Processing: /newdata/lbcr.20160905.072219.fits
[2016-09-05T07:24:53] MESG> Focus Offset = -0.50000000  Filter = r-SLOAN   Rotator = 10.406250
[2016-09-05T07:24:53] MESG> --------------------------------------------------------------------------
[2016-09-05T07:24:53] MESG>           Computed Aberrations (nm)              |   (arcsec)   | channel 
[2016-09-05T07:24:53] MESG>  Defoc   AstX   AstY   ComaY  ComaX   Sph        |  Est.   Est. |         
[2016-09-05T07:24:53] MESG>  (Z4)    (Z5)   (Z6)   (Z7)   (Z8)   (Z11)  (Z22)| seeing  WIQ  |         
[2016-09-05T07:24:53] MESG> --------------------------------------------------------------------------
[2016-09-05T07:24:53] MESG>  -1040    412   -353    166    -88    111      0   0.90   0.46     red
[2016-09-05T07:24:53] MESG> --------------------------------------------------------------------------
[2016-09-05T07:25:03] MESG> Processing: /newdata/lbcb.20160905.072224.fits
[2016-09-05T07:26:55] MESG> Focus Offset = -0.50000000  Filter = V-BESSEL  Rotator = 10.409020
[2016-09-05T07:26:55] MESG> --------------------------------------------------------------------------
[2016-09-05T07:26:55] MESG>           Computed Aberrations (nm)              |   (arcsec)   | channel 
[2016-09-05T07:26:55] MESG>  Defoc   AstX   AstY   ComaY  ComaX   Sph        |  Est.   Est. |         
[2016-09-05T07:26:55] MESG>  (Z4)    (Z5)   (Z6)   (Z7)   (Z8)   (Z11)  (Z22)| seeing  WIQ  |         
[2016-09-05T07:26:55] MESG> --------------------------------------------------------------------------
[2016-09-05T07:26:55] MESG>  -2222  -2262  -1601   -137     26    157      0   0.93   1.20    blue
[2016-09-05T07:26:55] MESG> --------------------------------------------------------------------------
[2016-09-05T07:28:06] MESG> Processing: /newdata/lbcr.20160905.072725.fits
[2016-09-05T07:29:57] MESG> Focus Offset = -0.50000000  Filter = r-SLOAN   Rotator = 11.649900
[2016-09-05T07:29:57] MESG> --------------------------------------------------------------------------
[2016-09-05T07:29:57] MESG>           Computed Aberrations (nm)              |   (arcsec)   | channel 
[2016-09-05T07:29:57] MESG>  Defoc   AstX   AstY   ComaY  ComaX   Sph        |  Est.   Est. |         
[2016-09-05T07:29:57] MESG>  (Z4)    (Z5)   (Z6)   (Z7)   (Z8)   (Z11)  (Z22)| seeing  WIQ  |         
[2016-09-05T07:29:57] MESG> --------------------------------------------------------------------------
[2016-09-05T07:29:57] MESG>    289   -786   -241    114   -106     89      0   0.84   0.29     red
[2016-09-05T07:29:57] MESG> --------------------------------------------------------------------------
[2016-09-05T07:30:04] MESG> Processing: /newdata/lbcb.20160905.072730.fits
[2016-09-05T07:31:54] MESG> Focus Offset = -0.50000000  Filter = V-BESSEL  Rotator = 11.643890
[2016-09-05T07:31:54] MESG> --------------------------------------------------------------------------
[2016-09-05T07:31:54] MESG>           Computed Aberrations (nm)              |   (arcsec)   | channel 
[2016-09-05T07:31:54] MESG>  Defoc   AstX   AstY   ComaY  ComaX   Sph        |  Est.   Est. |         
[2016-09-05T07:31:54] MESG>  (Z4)    (Z5)   (Z6)   (Z7)   (Z8)   (Z11)  (Z22)| seeing  WIQ  |         
[2016-09-05T07:31:54] MESG> --------------------------------------------------------------------------
[2016-09-05T07:31:54] MESG>   -579   -323    548   -115    156    192      0   0.52   0.34    blue
[2016-09-05T07:31:54] MESG> --------------------------------------------------------------------------
[2016-09-05T07:46:44] MESG> Processing: /newdata/lbcr.20160905.074604.fits
[2016-09-05T07:48:49] MESG> Focus Offset = -0.50000000  Filter = r-SLOAN   Rotator = -106.81348
[2016-09-05T07:48:49] MESG> --------------------------------------------------------------------------
[2016-09-05T07:48:49] MESG>           Computed Aberrations (nm)              |   (arcsec)   | channel 
[2016-09-05T07:48:49] MESG>  Defoc   AstX   AstY   ComaY  ComaX   Sph        |  Est.   Est. |         
[2016-09-05T07:48:49] MESG>  (Z4)    (Z5)   (Z6)   (Z7)   (Z8)   (Z11)  (Z22)| seeing  WIQ  |         
[2016-09-05T07:48:49] MESG> --------------------------------------------------------------------------
[2016-09-05T07:48:49] MESG>   3681  -1957   2065    136     69    191      0   1.03   1.68     red
[2016-09-05T07:48:49] MESG> --------------------------------------------------------------------------
[2016-09-05T07:48:58] MESG> Processing: /newdata/lbcb.20160905.074609.fits
[2016-09-05T07:50:59] MESG> Focus Offset = -0.50000000  Filter = V-BESSEL  Rotator = -106.81070
[2016-09-05T07:50:59] MESG> --------------------------------------------------------------------------
[2016-09-05T07:50:59] MESG>           Computed Aberrations (nm)              |   (arcsec)   | channel 
[2016-09-05T07:50:59] MESG>  Defoc   AstX   AstY   ComaY  ComaX   Sph        |  Est.   Est. |         
[2016-09-05T07:50:59] MESG>  (Z4)    (Z5)   (Z6)   (Z7)   (Z8)   (Z11)  (Z22)| seeing  WIQ  |         
[2016-09-05T07:50:59] MESG> --------------------------------------------------------------------------
[2016-09-05T07:50:59] MESG>  -1595  -4195   2697     60    -99    131      0   0.68   1.60    blue
[2016-09-05T07:50:59] MESG> --------------------------------------------------------------------------
[2016-09-05T07:52:21] MESG> Processing: /newdata/lbcr.20160905.075140.fits
[2016-09-05T07:52:21] MESG> Searching for pupils... 
[2016-09-05T09:13:32] MESG> Processing: /newdata/lbcr.20160905.091252.fits
[2016-09-05T09:19:07] MESG> Processing: /newdata/lbcr.20160905.091827.fits
[2016-09-05T09:28:07] MESG> Processing: /newdata/lbcr.20160905.092725.fits
[2016-09-05T09:30:09] MESG> Focus Offset = -0.50000000  Filter = r-SLOAN   Rotator = -208.10742
[2016-09-05T09:30:09] MESG> WARNING: Z4 TOO LARGE, will consider defocus only -6806.90
[2016-09-05T09:30:09] MESG>          all other aberration coefficients set zero.
[2016-09-05T09:30:09] MESG> --------------------------------------------------------------------------
[2016-09-05T09:30:09] MESG>           Computed Aberrations (nm)              |   (arcsec)   | channel 
[2016-09-05T09:30:09] MESG>  Defoc   AstX   AstY   ComaY  ComaX   Sph        |  Est.   Est. |         
[2016-09-05T09:30:09] MESG>  (Z4)    (Z5)   (Z6)   (Z7)   (Z8)   (Z11)  (Z22)| seeing  WIQ  |         
[2016-09-05T09:30:09] MESG> --------------------------------------------------------------------------
[2016-09-05T09:30:09] MESG>  -6806      0      0      0      0      0      0   0.92   2.68     red
[2016-09-05T09:30:09] MESG> --------------------------------------------------------------------------
[2016-09-05T09:30:18] MESG> Processing: /newdata/lbcb.20160905.092731.fits
[2016-09-05T09:31:22] MESG> Focus Offset = -0.50000000  Filter = V-BESSEL  Rotator = -208.14859
[2016-09-05T09:31:22] MESG> WARNING: Z4 TOO LARGE, will consider defocus only 14244.7
[2016-09-05T09:31:22] MESG>          all other aberration coefficients set zero.
[2016-09-05T09:31:22] MESG> --------------------------------------------------------------------------
[2016-09-05T09:31:22] MESG>           Computed Aberrations (nm)              |   (arcsec)   | channel 
[2016-09-05T09:31:22] MESG>  Defoc   AstX   AstY   ComaY  ComaX   Sph        |  Est.   Est. |         
[2016-09-05T09:31:22] MESG>  (Z4)    (Z5)   (Z6)   (Z7)   (Z8)   (Z11)  (Z22)| seeing  WIQ  |         
[2016-09-05T09:31:22] MESG> --------------------------------------------------------------------------
[2016-09-05T09:31:22] MESG>  14244      0      0      0      0      0      0   0.50   5.61    blue
[2016-09-05T09:31:22] MESG> --------------------------------------------------------------------------
[2016-09-05T09:32:40] MESG> Processing: /newdata/lbcr.20160905.093159.fits
[2016-09-05T09:34:41] MESG> Focus Offset = -0.50000000  Filter = r-SLOAN   Rotator = -213.97412
[2016-09-05T09:34:41] MESG> --------------------------------------------------------------------------
[2016-09-05T09:34:41] MESG>           Computed Aberrations (nm)              |   (arcsec)   | channel 
[2016-09-05T09:34:41] MESG>  Defoc   AstX   AstY   ComaY  ComaX   Sph        |  Est.   Est. |         
[2016-09-05T09:34:41] MESG>  (Z4)    (Z5)   (Z6)   (Z7)   (Z8)   (Z11)  (Z22)| seeing  WIQ  |         
[2016-09-05T09:34:41] MESG> --------------------------------------------------------------------------
[2016-09-05T09:34:41] MESG>  -1721   -665   3211    146   -107     80      0   0.51   1.19     red
[2016-09-05T09:34:41] MESG> --------------------------------------------------------------------------
[2016-09-05T09:34:48] MESG> Processing: /newdata/lbcb.20160905.093206.fits
[2016-09-05T09:36:47] MESG> Focus Offset = -0.50000000  Filter = V-BESSEL  Rotator = -214.05484
[2016-09-05T09:36:47] MESG> --------------------------------------------------------------------------
[2016-09-05T09:36:47] MESG>           Computed Aberrations (nm)              |   (arcsec)   | channel 
[2016-09-05T09:36:47] MESG>  Defoc   AstX   AstY   ComaY  ComaX   Sph        |  Est.   Est. |         
[2016-09-05T09:36:47] MESG>  (Z4)    (Z5)   (Z6)   (Z7)   (Z8)   (Z11)  (Z22)| seeing  WIQ  |         
[2016-09-05T09:36:47] MESG> --------------------------------------------------------------------------
[2016-09-05T09:36:47] MESG>   -459   -769   -287     99      0    -54      0   0.50   0.32    blue
[2016-09-05T09:36:47] MESG> --------------------------------------------------------------------------
[2016-09-05T09:37:56] MESG> Processing: /newdata/lbcr.20160905.093718.fits
[2016-09-05T09:38:58] MESG> Focus Offset = -0.50000000  Filter = r-SLOAN   Rotator = -220.07373
[2016-09-05T09:38:58] MESG> --------------------------------------------------------------------------
[2016-09-05T09:38:58] MESG>           Computed Aberrations (nm)              |   (arcsec)   | channel 
[2016-09-05T09:38:58] MESG>  Defoc   AstX   AstY   ComaY  ComaX   Sph        |  Est.   Est. |         
[2016-09-05T09:38:58] MESG>  (Z4)    (Z5)   (Z6)   (Z7)   (Z8)   (Z11)  (Z22)| seeing  WIQ  |         
[2016-09-05T09:38:58] MESG> --------------------------------------------------------------------------
[2016-09-05T09:38:58] MESG>    452  -1275  -1370     -1      0    -14      0   0.50   0.58     red
[2016-09-05T09:38:58] MESG> --------------------------------------------------------------------------
[2016-09-05T09:39:04] MESG> Processing: /newdata/lbcb.20160905.093722.fits
[2016-09-05T09:40:07] MESG> Focus Offset = -0.50000000  Filter = V-BESSEL  Rotator = -220.05338
[2016-09-05T09:40:07] MESG> --------------------------------------------------------------------------
[2016-09-05T09:40:07] MESG>           Computed Aberrations (nm)              |   (arcsec)   | channel 
[2016-09-05T09:40:07] MESG>  Defoc   AstX   AstY   ComaY  ComaX   Sph        |  Est.   Est. |         
[2016-09-05T09:40:07] MESG>  (Z4)    (Z5)   (Z6)   (Z7)   (Z8)   (Z11)  (Z22)| seeing  WIQ  |         
[2016-09-05T09:40:07] MESG> --------------------------------------------------------------------------
[2016-09-05T09:40:07] MESG>   -765    102   -237      1      0    -32      0   0.50   0.32    blue
[2016-09-05T09:40:07] MESG> --------------------------------------------------------------------------
[2016-09-06T02:51:30] MESG> Processing: /newdata/lbcb.20160906.025056.fits
[2016-09-06T02:51:34] MESG> Focus Offset = -0.50000000  Filter = V-BESSEL  Rotator = -73.065100
[2016-09-06T02:51:34] MESG> --------------------------------------------------------------------------
[2016-09-06T02:51:34] MESG>           Computed Aberrations (nm)              |   (arcsec)   | channel 
[2016-09-06T02:51:34] MESG>  Defoc   AstX   AstY   ComaY  ComaX   Sph        |  Est.   Est. |         
[2016-09-06T02:51:34] MESG>  (Z4)    (Z5)   (Z6)   (Z7)   (Z8)   (Z11)  (Z22)| seeing  WIQ  |         
[2016-09-06T02:51:34] MESG> --------------------------------------------------------------------------
[2016-09-06T02:51:34] MESG>   2074      0      0  -2206  -1408      0      0   0.50   1.43    blue
[2016-09-06T02:51:34] MESG> --------------------------------------------------------------------------
[2016-09-06T02:53:03] MESG> Processing: /newdata/lbcb.20160906.025229.fits
[2016-09-06T02:53:03] MESG> Searching for pupils... 
[2016-09-06T02:53:11] MESG> Computing aberrations using 11 pupils
[2016-09-06T02:53:11] MESG> Focus Offset = -0.80000001  Filter = V-BESSEL
[2016-09-06T02:53:11] MESG> BlueZ22Zero:   1.600
[2016-09-06T02:53:11] MESG> RedZ22Zero:   1.650
[2016-09-06T02:53:11] MESG> Seeing worse than limit => NO correction for sph5 will be computed/applied
[2016-09-06T02:53:11] MESG> Median external diameter:  80.20 px
[2016-09-06T02:53:11] MESG> IntD: 13.5020
[2016-09-06T02:53:11] MESG> ExtD: 80.1988
[2016-09-06T02:53:11] MESG> M-factor: 1.12
[2016-09-06T02:53:11] MESG> Computed ab's: Z4 = 5848.05  Z5 = -59.1989  Z6 = 264.586  Z7 = 412.996  Z8 = 304.623  Z11 = 0.00000  Z22 = 0.00000
[2016-09-06T02:53:11] MESG> xtalk corr'd : Z4 = 5848.05  Z5 = -59.1989  Z6 = 264.586  Z7 = 412.996  Z8 = 304.623  Z11 = 0.00000  Z22 = 0.00000
[2016-09-06T02:53:11] MESG> Gain corr'd  : Z4 = 5848.05  Z5 = -59.1989  Z6 = 264.586  Z7 = 412.996  Z8 = 304.623  Z11 = 0.00000  Z22 = 0.00000
[2016-09-06T02:53:11] MESG> --------------------------------------------------------------------------
[2016-09-06T02:53:11] MESG>           Computed Aberrations (nm)              |   (arcsec)   | channel 
[2016-09-06T02:53:11] MESG>  Defoc   AstX   AstY   ComaX  ComaY   Sph        |  Est.   Est. |         
[2016-09-06T02:53:11] MESG>  (Z4)    (Z5)   (Z6)   (Z7)   (Z8)   (Z11)  (Z22)| seeing  WIQ  |         
[2016-09-06T02:53:11] MESG> --------------------------------------------------------------------------
[2016-09-06T02:53:11] MESG>   5848    -59    264    412    304      0      0   2.26   2.32    blue
[2016-09-06T02:53:11] MESG> --------------------------------------------------------------------------
[2016-09-06T02:54:29] MESG> Processing: /newdata/lbcb.20160906.025356.fits
[2016-09-06T02:54:29] MESG> Searching for pupils... 
[2016-09-06T02:54:38] MESG> Computing aberrations using 13 pupils
[2016-09-06T02:54:38] MESG> Focus Offset = -0.80000001  Filter = V-BESSEL
[2016-09-06T02:54:38] MESG> BlueZ22Zero:   1.600
[2016-09-06T02:54:38] MESG> RedZ22Zero:   1.650
[2016-09-06T02:54:38] MESG> Estimated Z22 parameter:   1.206
[2016-09-06T02:54:38] MESG> Computed Z22 correction:   118.3
[2016-09-06T02:54:38] MESG> Median external diameter:  53.82 px
[2016-09-06T02:54:38] MESG> IntD: 10.5040
[2016-09-06T02:54:38] MESG> ExtD: 53.8163
[2016-09-06T02:54:38] MESG> M-factor: 1.21
[2016-09-06T02:54:38] MESG> Computed ab's: Z4 = -3019.57  Z5 = 23.1576  Z6 = 194.448  Z7 = -183.695  Z8 = 157.464  Z11 = 308.300  Z22 = 118.283
[2016-09-06T02:54:38] MESG> xtalk corr'd : Z4 = -4505.35  Z5 = 23.1576  Z6 = 194.448  Z7 = -183.695  Z8 = 157.464  Z11 = 663.147  Z22 = 118.283
[2016-09-06T02:54:38] MESG> Gain corr'd  : Z4 = -4505.35  Z5 = 23.1576  Z6 = 194.448  Z7 = -183.695  Z8 = 157.464  Z11 = 530.518  Z22 = 82.7978
[2016-09-06T02:54:38] MESG> --------------------------------------------------------------------------
[2016-09-06T02:54:39] MESG>           Computed Aberrations (nm)              |   (arcsec)   | channel 
[2016-09-06T02:54:39] MESG>  Defoc   AstX   AstY   ComaX  ComaY   Sph        |  Est.   Est. |         
[2016-09-06T02:54:39] MESG>  (Z4)    (Z5)   (Z6)   (Z7)   (Z8)   (Z11)  (Z22)| seeing  WIQ  |         
[2016-09-06T02:54:39] MESG> --------------------------------------------------------------------------
[2016-09-06T02:54:39] MESG>  -4505     23    194   -183    157    530     82   1.06   1.81    blue
[2016-09-06T02:54:39] MESG> --------------------------------------------------------------------------
[2016-09-06T02:55:57] MESG> Processing: /newdata/lbcb.20160906.025523.fits
[2016-09-06T02:55:57] MESG> Searching for pupils... 
[2016-09-06T02:56:05] MESG> Computing aberrations using 8 pupils
[2016-09-06T02:56:05] MESG> Focus Offset = -0.80000001  Filter = V-BESSEL
[2016-09-06T02:56:05] MESG> BlueZ22Zero:   1.600
[2016-09-06T02:56:05] MESG> RedZ22Zero:   1.650
[2016-09-06T02:56:05] MESG> Seeing worse than limit => NO correction for sph5 will be computed/applied
[2016-09-06T02:56:05] MESG> Median external diameter:  74.17 px
[2016-09-06T02:56:05] MESG> IntD: 14.6173
[2016-09-06T02:56:05] MESG> ExtD: 74.1676
[2016-09-06T02:56:05] MESG> M-factor: 0.98
[2016-09-06T02:56:05] MESG> Computed ab's: Z4 = 3820.84  Z5 = -101.632  Z6 = -275.469  Z7 = 306.264  Z8 = 75.1490  Z11 = 0.00000  Z22 = 0.00000
[2016-09-06T02:56:05] MESG> xtalk corr'd : Z4 = 3820.84  Z5 = -101.632  Z6 = -275.469  Z7 = 306.264  Z8 = 75.1490  Z11 = 0.00000  Z22 = 0.00000
[2016-09-06T02:56:05] MESG> Gain corr'd  : Z4 = 3820.84  Z5 = -101.632  Z6 = -275.469  Z7 = 306.264  Z8 = 75.1490  Z11 = 0.00000  Z22 = 0.00000
[2016-09-06T02:56:05] MESG> --------------------------------------------------------------------------
[2016-09-06T02:56:05] MESG>           Computed Aberrations (nm)              |   (arcsec)   | channel 
[2016-09-06T02:56:05] MESG>  Defoc   AstX   AstY   ComaX  ComaY   Sph        |  Est.   Est. |         
[2016-09-06T02:56:05] MESG>  (Z4)    (Z5)   (Z6)   (Z7)   (Z8)   (Z11)  (Z22)| seeing  WIQ  |         
[2016-09-06T02:56:05] MESG> --------------------------------------------------------------------------
[2016-09-06T02:56:05] MESG>   3820   -101   -275    306     75      0      0   2.47   1.52    blue
[2016-09-06T02:56:05] MESG> --------------------------------------------------------------------------
[2016-09-06T05:28:25] MESG> Processing: /newdata/lbcr.20160906.052750.fits
[2016-09-06T05:29:56] MESG> Focus Offset = -0.50000000  Filter = r-SLOAN   Rotator = -236.74219
[2016-09-06T05:29:56] MESG> --------------------------------------------------------------------------
[2016-09-06T05:29:56] MESG>           Computed Aberrations (nm)              |   (arcsec)   | channel 
[2016-09-06T05:29:56] MESG>  Defoc   AstX   AstY   ComaY  ComaX   Sph        |  Est.   Est. |         
[2016-09-06T05:29:56] MESG>  (Z4)    (Z5)   (Z6)   (Z7)   (Z8)   (Z11)  (Z22)| seeing  WIQ  |         
[2016-09-06T05:29:56] MESG> --------------------------------------------------------------------------
[2016-09-06T05:29:56] MESG>  -7311  -1090    596      6    -30    190      0   0.56   2.91     red
[2016-09-06T05:29:56] MESG> --------------------------------------------------------------------------
[2016-09-06T05:30:07] MESG> Processing: /newdata/lbcb.20160906.052753.fits
[2016-09-06T05:31:49] MESG> Focus Offset = -0.50000000  Filter = V-BESSEL  Rotator = -236.73063
[2016-09-06T05:31:49] MESG> --------------------------------------------------------------------------
[2016-09-06T05:31:49] MESG>           Computed Aberrations (nm)              |   (arcsec)   | channel 
[2016-09-06T05:31:49] MESG>  Defoc   AstX   AstY   ComaY  ComaX   Sph        |  Est.   Est. |         
[2016-09-06T05:31:49] MESG>  (Z4)    (Z5)   (Z6)   (Z7)   (Z8)   (Z11)  (Z22)| seeing  WIQ  |         
[2016-09-06T05:31:49] MESG> --------------------------------------------------------------------------
[2016-09-06T05:31:49] MESG>   2517   -678   -862    146     84    105      0   0.53   1.05    blue
[2016-09-06T05:31:49] MESG> --------------------------------------------------------------------------
[2016-09-06T05:33:09] MESG> Processing: /newdata/lbcr.20160906.053230.fits
[2016-09-06T05:33:09] MESG> Searching for pupils... 
[2016-09-06T05:33:13] MESG> Computing aberrations using 13 pupils
[2016-09-06T05:33:13] MESG> Focus Offset = -0.80000001  Filter = r-SLOAN 
[2016-09-06T05:33:13] MESG> BlueZ22Zero:   1.600
[2016-09-06T05:33:13] MESG> RedZ22Zero:   1.650
[2016-09-06T05:33:13] MESG> Estimated Z22 parameter:   1.633
[2016-09-06T05:33:13] MESG> Computed Z22 correction:     4.0
[2016-09-06T05:33:13] MESG> Median external diameter:  62.26 px
[2016-09-06T05:33:13] MESG> IntD: 11.9496
[2016-09-06T05:33:13] MESG> ExtD: 62.2565
[2016-09-06T05:33:13] MESG> M-factor: 0.78
[2016-09-06T05:33:13] MESG> Computed ab's: Z4 = 87.3279  Z5 = 38.8253  Z6 = 149.815  Z7 = -595.844  Z8 = -512.515  Z11 = 322.508  Z22 = 3.98029
[2016-09-06T05:33:13] MESG> xtalk corr'd : Z4 = -718.533  Z5 = 38.8253  Z6 = 149.815  Z7 = -595.844  Z8 = -512.515  Z11 = 334.449  Z22 = 3.98029
[2016-09-06T05:33:13] MESG> Gain corr'd  : Z4 = -718.533  Z5 = 38.8253  Z6 = 149.815  Z7 = -595.844  Z8 = -512.515  Z11 = 267.559  Z22 = 2.78620
[2016-09-06T05:33:13] MESG> --------------------------------------------------------------------------
[2016-09-06T05:33:13] MESG>           Computed Aberrations (nm)              |   (arcsec)   | channel 
[2016-09-06T05:33:13] MESG>  Defoc   AstX   AstY   ComaX  ComaY   Sph        |  Est.   Est. |         
[2016-09-06T05:33:13] MESG>  (Z4)    (Z5)   (Z6)   (Z7)   (Z8)   (Z11)  (Z22)| seeing  WIQ  |         
[2016-09-06T05:33:13] MESG> --------------------------------------------------------------------------
[2016-09-06T05:33:13] MESG>   -718     38    149   -595   -512    267      2   0.82   0.49     red
[2016-09-06T05:33:13] MESG> --------------------------------------------------------------------------
[2016-09-06T05:33:24] MESG> Processing: /newdata/lbcb.20160906.053235.fits
[2016-09-06T05:33:24] MESG> Searching for pupils... 
[2016-09-06T05:33:27] MESG> Computing aberrations using 12 pupils
[2016-09-06T05:33:27] MESG> Focus Offset = -0.80000001  Filter = V-BESSEL
[2016-09-06T05:33:27] MESG> BlueZ22Zero:   1.600
[2016-09-06T05:33:27] MESG> RedZ22Zero:   1.650
[2016-09-06T05:33:28] MESG> Estimated Z22 parameter:   1.659
[2016-09-06T05:33:28] MESG> Computed Z22 correction:   -17.6
[2016-09-06T05:33:28] MESG> Median external diameter:  60.29 px
[2016-09-06T05:33:28] MESG> IntD: 13.4574
[2016-09-06T05:33:28] MESG> ExtD: 60.2890
[2016-09-06T05:33:28] MESG> M-factor: 0.49
[2016-09-06T05:33:28] MESG> Computed ab's: Z4 = -843.981  Z5 = 39.8243  Z6 = -282.188  Z7 = 119.223  Z8 = 422.576  Z11 = -30.9006  Z22 = -17.6054
[2016-09-06T05:33:28] MESG> xtalk corr'd : Z4 = -649.062  Z5 = 39.8243  Z6 = -282.188  Z7 = 119.223  Z8 = 422.576  Z11 = -83.7167  Z22 = -17.6054
[2016-09-06T05:33:28] MESG> Gain corr'd  : Z4 = -649.062  Z5 = 39.8243  Z6 = -282.188  Z7 = 119.223  Z8 = 422.576  Z11 = -66.9734  Z22 = -12.3238
[2016-09-06T05:33:28] MESG> --------------------------------------------------------------------------
[2016-09-06T05:33:28] MESG>           Computed Aberrations (nm)              |   (arcsec)   | channel 
[2016-09-06T05:33:28] MESG>  Defoc   AstX   AstY   ComaX  ComaY   Sph        |  Est.   Est. |         
[2016-09-06T05:33:28] MESG>  (Z4)    (Z5)   (Z6)   (Z7)   (Z8)   (Z11)  (Z22)| seeing  WIQ  |         
[2016-09-06T05:33:28] MESG> --------------------------------------------------------------------------
[2016-09-06T05:33:28] MESG>   -649     39   -282    119    422    -66    -12   1.13   0.35    blue
[2016-09-06T05:33:28] MESG> --------------------------------------------------------------------------
[2016-09-06T05:34:38] MESG> Processing: /newdata/lbcr.20160906.053400.fits
[2016-09-06T05:34:38] MESG> Searching for pupils... 
[2016-09-06T05:34:42] MESG> Computing aberrations using 15 pupils
[2016-09-06T05:34:42] MESG> Focus Offset = -0.80000001  Filter = r-SLOAN 
[2016-09-06T05:34:42] MESG> BlueZ22Zero:   1.600
[2016-09-06T05:34:42] MESG> RedZ22Zero:   1.650
[2016-09-06T05:34:42] MESG> Estimated Z22 parameter:   1.583
[2016-09-06T05:34:42] MESG> Computed Z22 correction:    15.4
[2016-09-06T05:34:42] MESG> Median external diameter:  62.80 px
[2016-09-06T05:34:42] MESG> IntD: 12.8095
[2016-09-06T05:34:42] MESG> ExtD: 62.8037
[2016-09-06T05:34:42] MESG> M-factor: 0.65
[2016-09-06T05:34:42] MESG> Computed ab's: Z4 = 273.626  Z5 = 44.9834  Z6 = 103.559  Z7 = -28.8376  Z8 = -27.4463  Z11 = 177.065  Z22 = 15.3973
[2016-09-06T05:34:42] MESG> xtalk corr'd : Z4 = -274.508  Z5 = 44.9834  Z6 = 103.559  Z7 = -28.8376  Z8 = -27.4463  Z11 = 223.257  Z22 = 15.3973
[2016-09-06T05:34:42] MESG> Gain corr'd  : Z4 = -274.508  Z5 = 44.9834  Z6 = 103.559  Z7 = -28.8376  Z8 = -27.4463  Z11 = 178.606  Z22 = 10.7781
[2016-09-06T05:34:42] MESG> --------------------------------------------------------------------------
[2016-09-06T05:34:42] MESG>           Computed Aberrations (nm)              |   (arcsec)   | channel 
[2016-09-06T05:34:42] MESG>  Defoc   AstX   AstY   ComaX  ComaY   Sph        |  Est.   Est. |         
[2016-09-06T05:34:42] MESG>  (Z4)    (Z5)   (Z6)   (Z7)   (Z8)   (Z11)  (Z22)| seeing  WIQ  |         
[2016-09-06T05:34:42] MESG> --------------------------------------------------------------------------
[2016-09-06T05:34:42] MESG>   -274     44    103    -28    -27    178     10   0.88   0.18     red
[2016-09-06T05:34:42] MESG> --------------------------------------------------------------------------
[2016-09-06T05:34:49] MESG> Processing: /newdata/lbcb.20160906.053406.fits
[2016-09-06T05:34:49] MESG> Searching for pupils... 
[2016-09-06T05:34:52] MESG> Computing aberrations using 16 pupils
[2016-09-06T05:34:52] MESG> Focus Offset = -0.80000001  Filter = V-BESSEL
[2016-09-06T05:34:52] MESG> BlueZ22Zero:   1.600
[2016-09-06T05:34:52] MESG> RedZ22Zero:   1.650
[2016-09-06T05:34:52] MESG> Estimated Z22 parameter:   1.548
[2016-09-06T05:34:52] MESG> Computed Z22 correction:    15.5
[2016-09-06T05:34:52] MESG> Median external diameter:  63.10 px
[2016-09-06T05:34:52] MESG> IntD: 14.5491
[2016-09-06T05:34:52] MESG> ExtD: 63.1018
[2016-09-06T05:34:52] MESG> M-factor: 0.55
[2016-09-06T05:34:52] MESG> Computed ab's: Z4 = 101.452  Z5 = 184.426  Z6 = -64.3069  Z7 = -8.87734  Z8 = 28.0125  Z11 = -119.834  Z22 = 15.4847
[2016-09-06T05:34:52] MESG> xtalk corr'd : Z4 = 187.284  Z5 = 184.426  Z6 = -64.3069  Z7 = -8.87734  Z8 = 28.0125  Z11 = -73.3798  Z22 = 15.4847
[2016-09-06T05:34:52] MESG> Gain corr'd  : Z4 = 187.284  Z5 = 184.426  Z6 = -64.3069  Z7 = -8.87734  Z8 = 28.0125  Z11 = -58.7038  Z22 = 10.8393
[2016-09-06T05:34:52] MESG> --------------------------------------------------------------------------
[2016-09-06T05:34:52] MESG>           Computed Aberrations (nm)              |   (arcsec)   | channel 
[2016-09-06T05:34:52] MESG>  Defoc   AstX   AstY   ComaX  ComaY   Sph        |  Est.   Est. |         
[2016-09-06T05:34:52] MESG>  (Z4)    (Z5)   (Z6)   (Z7)   (Z8)   (Z11)  (Z22)| seeing  WIQ  |         
[2016-09-06T05:34:52] MESG> --------------------------------------------------------------------------
[2016-09-06T05:34:52] MESG>    187    184    -64     -8     28    -58     10   1.28   0.13    blue
[2016-09-06T05:34:52] MESG> --------------------------------------------------------------------------
[2016-09-06T05:42:55] MESG> Processing: /newdata/lbcr.20160906.054218.fits
[2016-09-06T05:42:55] MESG> Searching for pupils... 
[2016-09-06T05:42:58] MESG> Computing aberrations using 15 pupils
[2016-09-06T05:42:58] MESG> Focus Offset = -0.80000001  Filter = r-SLOAN 
[2016-09-06T05:42:58] MESG> BlueZ22Zero:   1.600
[2016-09-06T05:42:58] MESG> RedZ22Zero:   1.650
[2016-09-06T05:42:59] MESG> Estimated Z22 parameter:   1.566
[2016-09-06T05:42:59] MESG> Computed Z22 correction:    19.2
[2016-09-06T05:42:59] MESG> Median external diameter:  63.08 px
[2016-09-06T05:42:59] MESG> IntD: 13.6322
[2016-09-06T05:42:59] MESG> ExtD: 63.0779
[2016-09-06T05:42:59] MESG> M-factor: 0.55
[2016-09-06T05:42:59] MESG> Computed ab's: Z4 = 366.971  Z5 = -52.1785  Z6 = 144.104  Z7 = 54.4042  Z8 = -77.0781  Z11 = 29.9759  Z22 = 19.2088
[2016-09-06T05:42:59] MESG> xtalk corr'd : Z4 = 141.358  Z5 = -52.1785  Z6 = 144.104  Z7 = 54.4042  Z8 = -77.0781  Z11 = 87.6024  Z22 = 19.2088
[2016-09-06T05:42:59] MESG> Gain corr'd  : Z4 = 141.358  Z5 = -52.1785  Z6 = 144.104  Z7 = 54.4042  Z8 = -77.0781  Z11 = 70.0819  Z22 = 13.4462
[2016-09-06T05:42:59] MESG> --------------------------------------------------------------------------
[2016-09-06T05:42:59] MESG>           Computed Aberrations (nm)              |   (arcsec)   | channel 
[2016-09-06T05:42:59] MESG>  Defoc   AstX   AstY   ComaX  ComaY   Sph        |  Est.   Est. |         
[2016-09-06T05:42:59] MESG>  (Z4)    (Z5)   (Z6)   (Z7)   (Z8)   (Z11)  (Z22)| seeing  WIQ  |         
[2016-09-06T05:42:59] MESG> --------------------------------------------------------------------------
[2016-09-06T05:42:59] MESG>    141    -52    144     54    -77     70     13   0.95   0.12     red
[2016-09-06T05:42:59] MESG> --------------------------------------------------------------------------
[2016-09-06T05:43:05] MESG> Processing: /newdata/lbcb.20160906.054222.fits
[2016-09-06T05:43:05] MESG> Searching for pupils... 
[2016-09-06T05:43:09] MESG> Computing aberrations using 12 pupils
[2016-09-06T05:43:09] MESG> Focus Offset = -0.80000001  Filter = V-BESSEL
[2016-09-06T05:43:09] MESG> BlueZ22Zero:   1.600
[2016-09-06T05:43:09] MESG> RedZ22Zero:   1.650
[2016-09-06T05:43:09] MESG> Estimated Z22 parameter:   1.574
[2016-09-06T05:43:09] MESG> Computed Z22 correction:     7.7
[2016-09-06T05:43:09] MESG> Median external diameter:  62.44 px
[2016-09-06T05:43:09] MESG> IntD: 14.2010
[2016-09-06T05:43:09] MESG> ExtD: 62.4438
[2016-09-06T05:43:09] MESG> M-factor: 0.53
[2016-09-06T05:43:09] MESG> Computed ab's: Z4 = -119.741  Z5 = 199.346  Z6 = 45.2957  Z7 = -15.1563  Z8 = -65.4364  Z11 = -81.7955  Z22 = 7.67956
[2016-09-06T05:43:09] MESG> xtalk corr'd : Z4 = -38.0352  Z5 = 199.346  Z6 = 45.2957  Z7 = -15.1563  Z8 = -65.4364  Z11 = -58.7568  Z22 = 7.67956
[2016-09-06T05:43:09] MESG> Gain corr'd  : Z4 = -38.0352  Z5 = 199.346  Z6 = 45.2957  Z7 = -15.1563  Z8 = -65.4364  Z11 = -47.0054  Z22 = 5.37569
[2016-09-06T05:43:09] MESG> --------------------------------------------------------------------------
[2016-09-06T05:43:09] MESG>           Computed Aberrations (nm)              |   (arcsec)   | channel 
[2016-09-06T05:43:09] MESG>  Defoc   AstX   AstY   ComaX  ComaY   Sph        |  Est.   Est. |         
[2016-09-06T05:43:09] MESG>  (Z4)    (Z5)   (Z6)   (Z7)   (Z8)   (Z11)  (Z22)| seeing  WIQ  |         
[2016-09-06T05:43:09] MESG> --------------------------------------------------------------------------
[2016-09-06T05:43:09] MESG>    -38    199     45    -15    -65    -47      5   1.40   0.11    blue
[2016-09-06T05:43:09] MESG> --------------------------------------------------------------------------
[2016-09-06T10:42:14] MESG> Processing: /newdata/lbcr.20160906.104119.fits
[2016-09-06T10:44:10] MESG> Focus Offset = -0.50000000  Filter = r-SLOAN   Rotator = 81.048340
[2016-09-06T10:44:10] MESG> --------------------------------------------------------------------------
[2016-09-06T10:44:10] MESG>           Computed Aberrations (nm)              |   (arcsec)   | channel 
[2016-09-06T10:44:10] MESG>  Defoc   AstX   AstY   ComaY  ComaX   Sph        |  Est.   Est. |         
[2016-09-06T10:44:10] MESG>  (Z4)    (Z5)   (Z6)   (Z7)   (Z8)   (Z11)  (Z22)| seeing  WIQ  |         
[2016-09-06T10:44:10] MESG> --------------------------------------------------------------------------
[2016-09-06T10:44:10] MESG>  -7724   -773    787     41    -70    389      0   1.50   3.07     red
[2016-09-06T10:44:10] MESG> --------------------------------------------------------------------------
[2016-09-06T10:44:21] MESG> Processing: /newdata/lbcb.20160906.104123.fits
[2016-09-06T10:45:27] MESG> Focus Offset = -0.50000000  Filter = V-BESSEL  Rotator = 81.051110
[2016-09-06T10:45:27] MESG> --------------------------------------------------------------------------
[2016-09-06T10:45:27] MESG>           Computed Aberrations (nm)              |   (arcsec)   | channel 
[2016-09-06T10:45:27] MESG>  Defoc   AstX   AstY   ComaY  ComaX   Sph        |  Est.   Est. |         
[2016-09-06T10:45:27] MESG>  (Z4)    (Z5)   (Z6)   (Z7)   (Z8)   (Z11)  (Z22)| seeing  WIQ  |         
[2016-09-06T10:45:27] MESG> --------------------------------------------------------------------------
[2016-09-06T10:45:27] MESG>   8625   -404    118     -1      0     16      0   0.50   3.40    blue
[2016-09-06T10:45:27] MESG> --------------------------------------------------------------------------
[2016-09-06T10:47:08] MESG> Processing: /newdata/lbcr.20160906.104614.fits
[2016-09-06T10:47:08] MESG> Searching for pupils... 
[2016-09-06T10:47:10] MESG> Computing aberrations using 20 pupils
[2016-09-06T10:47:10] MESG> Focus Offset = -0.80000001  Filter = r-SLOAN 
[2016-09-06T10:47:10] MESG> BlueZ22Zero:   1.600
[2016-09-06T10:47:10] MESG> RedZ22Zero:   1.650
[2016-09-06T10:47:11] MESG> Estimated Z22 parameter:   2.071
[2016-09-06T10:47:11] MESG> Computed Z22 correction:   -96.7
[2016-09-06T10:47:11] MESG> Median external diameter:  56.37 px
[2016-09-06T10:47:11] MESG> IntD: 11.2210
[2016-09-06T10:47:11] MESG> ExtD: 56.3708
[2016-09-06T10:47:11] MESG> M-factor: 0.66
[2016-09-06T10:47:11] MESG> Computed ab's: Z4 = -1916.48  Z5 = -239.288  Z6 = 34.3784  Z7 = 33.7422  Z8 = -94.9928  Z11 = 236.408  Z22 = -96.7366
[2016-09-06T10:47:11] MESG> xtalk corr'd : Z4 = -1709.97  Z5 = -239.288  Z6 = 34.3784  Z7 = 33.7422  Z8 = -94.9928  Z11 = -53.8016  Z22 = -96.7366
[2016-09-06T10:47:11] MESG> Gain corr'd  : Z4 = -1709.97  Z5 = -239.288  Z6 = 34.3784  Z7 = 33.7422  Z8 = -94.9928  Z11 = -43.0412  Z22 = -67.7156
[2016-09-06T10:47:11] MESG> --------------------------------------------------------------------------
[2016-09-06T10:47:11] MESG>           Computed Aberrations (nm)              |   (arcsec)   | channel 
[2016-09-06T10:47:11] MESG>  Defoc   AstX   AstY   ComaX  ComaY   Sph        |  Est.   Est. |         
[2016-09-06T10:47:11] MESG>  (Z4)    (Z5)   (Z6)   (Z7)   (Z8)   (Z11)  (Z22)| seeing  WIQ  |         
[2016-09-06T10:47:11] MESG> --------------------------------------------------------------------------
[2016-09-06T10:47:11] MESG>  -1709   -239     34     33    -94    -43    -67   0.54   0.68     red
[2016-09-06T10:47:11] MESG> --------------------------------------------------------------------------
[2016-09-06T10:47:19] MESG> Processing: /newdata/lbcb.20160906.104618.fits
[2016-09-06T10:47:19] MESG> Searching for pupils... 
[2016-09-06T10:47:21] MESG> Computing aberrations using 19 pupils
[2016-09-06T10:47:21] MESG> Focus Offset = -0.80000001  Filter = V-BESSEL
[2016-09-06T10:47:21] MESG> BlueZ22Zero:   1.600
[2016-09-06T10:47:21] MESG> RedZ22Zero:   1.650
[2016-09-06T10:47:22] MESG> Estimated Z22 parameter:   2.340
[2016-09-06T10:47:22] MESG> Computed Z22 correction:  -222.0
[2016-09-06T10:47:22] MESG> Median external diameter:  48.04 px
[2016-09-06T10:47:22] MESG> IntD: 11.4875
[2016-09-06T10:47:22] MESG> ExtD: 48.0390
[2016-09-06T10:47:22] MESG> M-factor: 0.26
[2016-09-06T10:47:22] MESG> Computed ab's: Z4 = -4961.44  Z5 = -91.4316  Z6 = 150.669  Z7 = 336.787  Z8 = 155.150  Z11 = -223.467  Z22 = -221.953
[2016-09-06T10:47:22] MESG> xtalk corr'd : Z4 = -2794.75  Z5 = -91.4316  Z6 = 150.669  Z7 = 336.787  Z8 = 155.150  Z11 = -889.326  Z22 = -221.953
[2016-09-06T10:47:22] MESG> Gain corr'd  : Z4 = -2794.75  Z5 = -91.4316  Z6 = 150.669  Z7 = 336.787  Z8 = 155.150  Z11 = -711.461  Z22 = -155.367
[2016-09-06T10:47:22] MESG> --------------------------------------------------------------------------
[2016-09-06T10:47:22] MESG>           Computed Aberrations (nm)              |   (arcsec)   | channel 
[2016-09-06T10:47:22] MESG>  Defoc   AstX   AstY   ComaX  ComaY   Sph        |  Est.   Est. |         
[2016-09-06T10:47:22] MESG>  (Z4)    (Z5)   (Z6)   (Z7)   (Z8)   (Z11)  (Z22)| seeing  WIQ  |         
[2016-09-06T10:47:22] MESG> --------------------------------------------------------------------------
[2016-09-06T10:47:22] MESG>  -2794    -91    150    336    155   -711   -100   0.76   1.20    blue
[2016-09-06T10:47:22] MESG> --------------------------------------------------------------------------
[2016-09-06T10:48:54] MESG> Processing: /newdata/lbcr.20160906.104757.fits
[2016-09-06T10:48:54] MESG> Searching for pupils... 
[2016-09-06T10:48:57] MESG> Computing aberrations using 18 pupils
[2016-09-06T10:48:57] MESG> Focus Offset = -0.80000001  Filter = r-SLOAN 
[2016-09-06T10:48:57] MESG> BlueZ22Zero:   1.600
[2016-09-06T10:48:57] MESG> RedZ22Zero:   1.650
[2016-09-06T10:48:57] MESG> Estimated Z22 parameter:   1.939
[2016-09-06T10:48:57] MESG> Computed Z22 correction:   -66.4
[2016-09-06T10:48:57] MESG> Median external diameter:  61.40 px
[2016-09-06T10:48:57] MESG> IntD: 13.2454
[2016-09-06T10:48:57] MESG> ExtD: 61.4047
[2016-09-06T10:48:57] MESG> M-factor: 0.65
[2016-09-06T10:48:57] MESG> Computed ab's: Z4 = -202.678  Z5 = -130.323  Z6 = 93.3677  Z7 = -19.2287  Z8 = 60.9704  Z11 = 34.9557  Z22 = -66.4484
[2016-09-06T10:48:57] MESG> xtalk corr'd : Z4 = 245.016  Z5 = -130.323  Z6 = 93.3677  Z7 = -19.2287  Z8 = 60.9704  Z11 = -164.390  Z22 = -66.4484
[2016-09-06T10:48:57] MESG> Gain corr'd  : Z4 = 245.016  Z5 = -130.323  Z6 = 93.3677  Z7 = -19.2287  Z8 = 60.9704  Z11 = -131.512  Z22 = -46.5139
[2016-09-06T10:48:57] MESG> --------------------------------------------------------------------------
[2016-09-06T10:48:57] MESG>           Computed Aberrations (nm)              |   (arcsec)   | channel 
[2016-09-06T10:48:57] MESG>  Defoc   AstX   AstY   ComaX  ComaY   Sph        |  Est.   Est. |         
[2016-09-06T10:48:57] MESG>  (Z4)    (Z5)   (Z6)   (Z7)   (Z8)   (Z11)  (Z22)| seeing  WIQ  |         
[2016-09-06T10:48:57] MESG> --------------------------------------------------------------------------
[2016-09-06T10:48:57] MESG>    245   -130     93    -19     60   -131    -46   0.56   0.16     red
[2016-09-06T10:48:57] MESG> --------------------------------------------------------------------------
[2016-09-06T10:49:04] MESG> Processing: /newdata/lbcb.20160906.104803.fits
[2016-09-06T10:49:04] MESG> Searching for pupils... 
[2016-09-06T10:49:07] MESG> Computing aberrations using 11 pupils
[2016-09-06T10:49:07] MESG> Focus Offset = -0.80000001  Filter = V-BESSEL
[2016-09-06T10:49:07] MESG> BlueZ22Zero:   1.600
[2016-09-06T10:49:07] MESG> RedZ22Zero:   1.650
[2016-09-06T10:49:07] MESG> Estimated Z22 parameter:   2.045
[2016-09-06T10:49:07] MESG> Computed Z22 correction:  -133.4
[2016-09-06T10:49:07] MESG> Median external diameter:  58.41 px
[2016-09-06T10:49:07] MESG> IntD: 12.8992
[2016-09-06T10:49:07] MESG> ExtD: 58.4137
[2016-09-06T10:49:07] MESG> M-factor: 0.61
[2016-09-06T10:49:07] MESG> Computed ab's: Z4 = -1474.31  Z5 = 118.286  Z6 = 77.8488  Z7 = -121.721  Z8 = -184.025  Z11 = -1.97366  Z22 = -133.423
[2016-09-06T10:49:07] MESG> xtalk corr'd : Z4 = -403.476  Z5 = 118.286  Z6 = 77.8488  Z7 = -121.721  Z8 = -184.025  Z11 = -402.242  Z22 = -133.423
[2016-09-06T10:49:07] MESG> Gain corr'd  : Z4 = -403.476  Z5 = 118.286  Z6 = 77.8488  Z7 = -121.721  Z8 = -184.025  Z11 = -321.793  Z22 = -93.3958
[2016-09-06T10:49:07] MESG> --------------------------------------------------------------------------
[2016-09-06T10:49:07] MESG>           Computed Aberrations (nm)              |   (arcsec)   | channel 
[2016-09-06T10:49:07] MESG>  Defoc   AstX   AstY   ComaX  ComaY   Sph        |  Est.   Est. |         
[2016-09-06T10:49:07] MESG>  (Z4)    (Z5)   (Z6)   (Z7)   (Z8)   (Z11)  (Z22)| seeing  WIQ  |         
[2016-09-06T10:49:07] MESG> --------------------------------------------------------------------------
[2016-09-06T10:49:07] MESG>   -403    118     77   -121   -184   -321    -93   0.96   0.29    blue
[2016-09-06T10:49:07] MESG> --------------------------------------------------------------------------
[2016-09-06T10:50:41] MESG> Processing: /newdata/lbcr.20160906.104944.fits
[2016-09-06T10:50:41] MESG> Searching for pupils... 
[2016-09-06T10:50:44] MESG> Computing aberrations using 16 pupils
[2016-09-06T10:50:44] MESG> Focus Offset = -0.80000001  Filter = r-SLOAN 
[2016-09-06T10:50:44] MESG> BlueZ22Zero:   1.600
[2016-09-06T10:50:44] MESG> RedZ22Zero:   1.650
[2016-09-06T10:50:44] MESG> Estimated Z22 parameter:   1.830
[2016-09-06T10:50:44] MESG> Computed Z22 correction:   -41.4
[2016-09-06T10:50:44] MESG> Median external diameter:  60.86 px
[2016-09-06T10:50:44] MESG> IntD: 11.0442
[2016-09-06T10:50:44] MESG> ExtD: 60.8583
[2016-09-06T10:50:44] MESG> M-factor: 0.70
[2016-09-06T10:50:44] MESG> Computed ab's: Z4 = -388.685  Z5 = -102.439  Z6 = 34.0163  Z7 = 80.3386  Z8 = -14.2174  Z11 = 449.158  Z22 = -41.4490
[2016-09-06T10:50:44] MESG> xtalk corr'd : Z4 = -1135.07  Z5 = -102.439  Z6 = 34.0163  Z7 = 80.3386  Z8 = -14.2174  Z11 = 324.811  Z22 = -41.4490
[2016-09-06T10:50:44] MESG> Gain corr'd  : Z4 = -1135.07  Z5 = -102.439  Z6 = 34.0163  Z7 = 80.3386  Z8 = -14.2174  Z11 = 259.849  Z22 = -29.0143
[2016-09-06T10:50:44] MESG> --------------------------------------------------------------------------
[2016-09-06T10:50:44] MESG>           Computed Aberrations (nm)              |   (arcsec)   | channel 
[2016-09-06T10:50:44] MESG>  Defoc   AstX   AstY   ComaX  ComaY   Sph        |  Est.   Est. |         
[2016-09-06T10:50:44] MESG>  (Z4)    (Z5)   (Z6)   (Z7)   (Z8)   (Z11)  (Z22)| seeing  WIQ  |         
[2016-09-06T10:50:44] MESG> --------------------------------------------------------------------------
[2016-09-06T10:50:44] MESG>  -1135   -102     34     80    -14    259    -29   0.55   0.49     red
[2016-09-06T10:50:44] MESG> --------------------------------------------------------------------------
[2016-09-06T10:50:51] MESG> Processing: /newdata/lbcb.20160906.104950.fits
[2016-09-06T10:50:52] MESG> Searching for pupils... 
[2016-09-06T10:50:54] MESG> Computing aberrations using 11 pupils
[2016-09-06T10:50:54] MESG> Focus Offset = -0.80000001  Filter = V-BESSEL
[2016-09-06T10:50:54] MESG> BlueZ22Zero:   1.600
[2016-09-06T10:50:54] MESG> RedZ22Zero:   1.650
[2016-09-06T10:50:55] MESG> Estimated Z22 parameter:   2.129
[2016-09-06T10:50:55] MESG> Computed Z22 correction:  -158.7
[2016-09-06T10:50:55] MESG> Median external diameter:  60.82 px
[2016-09-06T10:50:55] MESG> IntD: 12.4911
[2016-09-06T10:50:55] MESG> ExtD: 60.8221
[2016-09-06T10:50:55] MESG> M-factor: 0.84
[2016-09-06T10:50:55] MESG> Computed ab's: Z4 = -664.798  Z5 = -82.5226  Z6 = -116.059  Z7 = -20.5371  Z8 = 18.5854  Z11 = 185.008  Z22 = -158.682
[2016-09-06T10:50:55] MESG> xtalk corr'd : Z4 = 280.897  Z5 = -82.5226  Z6 = -116.059  Z7 = -20.5371  Z8 = 18.5854  Z11 = -291.039  Z22 = -158.682
[2016-09-06T10:50:55] MESG> Gain corr'd  : Z4 = 280.897  Z5 = -82.5226  Z6 = -116.059  Z7 = -20.5371  Z8 = 18.5854  Z11 = -232.831  Z22 = -111.078
[2016-09-06T10:50:55] MESG> --------------------------------------------------------------------------
[2016-09-06T10:50:55] MESG>           Computed Aberrations (nm)              |   (arcsec)   | channel 
[2016-09-06T10:50:55] MESG>  Defoc   AstX   AstY   ComaX  ComaY   Sph        |  Est.   Est. |         
[2016-09-06T10:50:55] MESG>  (Z4)    (Z5)   (Z6)   (Z7)   (Z8)   (Z11)  (Z22)| seeing  WIQ  |         
[2016-09-06T10:50:55] MESG> --------------------------------------------------------------------------
[2016-09-06T10:50:55] MESG>    280    -82   -116    -20     18   -232   -100   1.01   0.20    blue
[2016-09-06T10:50:55] MESG> --------------------------------------------------------------------------
[2016-09-06T10:52:21] MESG> Processing: /newdata/lbcr.20160906.105126.fits
[2016-09-06T10:52:21] MESG> Searching for pupils... 
[2016-09-06T10:52:24] MESG> Computing aberrations using 18 pupils
[2016-09-06T10:52:24] MESG> Focus Offset = -0.80000001  Filter = r-SLOAN 
[2016-09-06T10:52:24] MESG> BlueZ22Zero:   1.600
[2016-09-06T10:52:24] MESG> RedZ22Zero:   1.650
[2016-09-06T10:52:24] MESG> Estimated Z22 parameter:   1.794
[2016-09-06T10:52:24] MESG> Computed Z22 correction:   -33.2
[2016-09-06T10:52:24] MESG> Median external diameter:  63.00 px
[2016-09-06T10:52:24] MESG> IntD: 13.1397
[2016-09-06T10:52:24] MESG> ExtD: 62.9959
[2016-09-06T10:52:24] MESG> M-factor: 0.55
[2016-09-06T10:52:24] MESG> Computed ab's: Z4 = 339.043  Z5 = -98.8096  Z6 = 52.8351  Z7 = 40.7696  Z8 = -59.2607  Z11 = 121.186  Z22 = -33.1628
[2016-09-06T10:52:24] MESG> xtalk corr'd : Z4 = 313.499  Z5 = -98.8096  Z6 = 52.8351  Z7 = 40.7696  Z8 = -59.2607  Z11 = 21.6978  Z22 = -33.1628
[2016-09-06T10:52:24] MESG> Gain corr'd  : Z4 = 313.499  Z5 = -98.8096  Z6 = 52.8351  Z7 = 40.7696  Z8 = -59.2607  Z11 = 17.3583  Z22 = -23.2140
[2016-09-06T10:52:24] MESG> --------------------------------------------------------------------------
[2016-09-06T10:52:24] MESG>           Computed Aberrations (nm)              |   (arcsec)   | channel 
[2016-09-06T10:52:24] MESG>  Defoc   AstX   AstY   ComaX  ComaY   Sph        |  Est.   Est. |         
[2016-09-06T10:52:24] MESG>  (Z4)    (Z5)   (Z6)   (Z7)   (Z8)   (Z11)  (Z22)| seeing  WIQ  |         
[2016-09-06T10:52:24] MESG> --------------------------------------------------------------------------
[2016-09-06T10:52:24] MESG>    313    -98     52     40    -59     17    -23   0.54   0.15     red
[2016-09-06T10:52:24] MESG> --------------------------------------------------------------------------
[2016-09-06T10:52:33] MESG> Processing: /newdata/lbcb.20160906.105130.fits
[2016-09-06T10:52:33] MESG> Searching for pupils... 
[2016-09-06T10:52:36] MESG> Computing aberrations using 9 pupils
[2016-09-06T10:52:36] MESG> Focus Offset = -0.80000001  Filter = V-BESSEL
[2016-09-06T10:52:36] MESG> BlueZ22Zero:   1.600
[2016-09-06T10:52:36] MESG> RedZ22Zero:   1.650
[2016-09-06T10:52:36] MESG> Estimated Z22 parameter:   2.164
[2016-09-06T10:52:36] MESG> Computed Z22 correction:  -169.1
[2016-09-06T10:52:36] MESG> Median external diameter:  59.98 px
[2016-09-06T10:52:36] MESG> IntD: 11.2596
[2016-09-06T10:52:36] MESG> ExtD: 59.9849
[2016-09-06T10:52:36] MESG> M-factor: 0.96
[2016-09-06T10:52:36] MESG> Computed ab's: Z4 = -946.198  Z5 = -108.619  Z6 = 101.012  Z7 = 69.1218  Z8 = 33.0792  Z11 = 398.753  Z22 = -169.078
[2016-09-06T10:52:36] MESG> xtalk corr'd : Z4 = -291.391  Z5 = -108.619  Z6 = 101.012  Z7 = 69.1218  Z8 = 33.0792  Z11 = -108.481  Z22 = -169.078
[2016-09-06T10:52:36] MESG> Gain corr'd  : Z4 = -291.391  Z5 = -108.619  Z6 = 101.012  Z7 = 69.1218  Z8 = 33.0792  Z11 = -86.7848  Z22 = -118.355
[2016-09-06T10:52:36] MESG> --------------------------------------------------------------------------
[2016-09-06T10:52:36] MESG>           Computed Aberrations (nm)              |   (arcsec)   | channel 
[2016-09-06T10:52:36] MESG>  Defoc   AstX   AstY   ComaX  ComaY   Sph        |  Est.   Est. |         
[2016-09-06T10:52:36] MESG>  (Z4)    (Z5)   (Z6)   (Z7)   (Z8)   (Z11)  (Z22)| seeing  WIQ  |         
[2016-09-06T10:52:36] MESG> --------------------------------------------------------------------------
[2016-09-06T10:52:36] MESG>   -291   -108    101     69     33    -86   -100   0.96   0.16    blue
[2016-09-06T10:52:36] MESG> --------------------------------------------------------------------------
